{"D:\\Documentos\\1_DESARROLO_WEB\\WebLeilen\\Leilen\\src\\App.jsx": {"path":"D:\\Documentos\\1_DESARROLO_WEB\\WebLeilen\\Leilen\\src\\App.jsx","all":true,"statementMap":{"1":{"start":{"line":2,"column":0},"end":{"line":2,"column":18}},"2":{"start":{"line":3,"column":0},"end":{"line":3,"column":49}},"3":{"start":{"line":4,"column":0},"end":{"line":4,"column":55}},"4":{"start":{"line":5,"column":0},"end":{"line":5,"column":49}},"6":{"start":{"line":7,"column":0},"end":{"line":7,"column":16}},"9":{"start":{"line":10,"column":0},"end":{"line":10,"column":10}},"10":{"start":{"line":11,"column":0},"end":{"line":11,"column":6}},"11":{"start":{"line":12,"column":0},"end":{"line":12,"column":16}},"12":{"start":{"line":13,"column":0},"end":{"line":13,"column":18}},"13":{"start":{"line":14,"column":0},"end":{"line":14,"column":16}},"14":{"start":{"line":15,"column":0},"end":{"line":15,"column":7}},"16":{"start":{"line":17,"column":0},"end":{"line":17,"column":1}},"18":{"start":{"line":19,"column":0},"end":{"line":19,"column":18}}},"s":{"1":0,"2":0,"3":0,"4":0,"6":0,"9":0,"10":0,"11":0,"12":0,"13":0,"14":0,"16":0,"18":0},"branchMap":{"0":{"type":"branch","line":1,"loc":{"start":{"line":1,"column":300},"end":{"line":19,"column":18}},"locations":[{"start":{"line":1,"column":300},"end":{"line":19,"column":18}}]}},"b":{"0":[1]},"fnMap":{"0":{"name":"(empty-report)","decl":{"start":{"line":1,"column":300},"end":{"line":19,"column":18}},"loc":{"start":{"line":1,"column":300},"end":{"line":19,"column":18}},"line":1}},"f":{"0":1}}
,"D:\\Documentos\\1_DESARROLO_WEB\\WebLeilen\\Leilen\\src\\main.jsx": {"path":"D:\\Documentos\\1_DESARROLO_WEB\\WebLeilen\\Leilen\\src\\main.jsx","all":true,"statementMap":{"0":{"start":{"line":1,"column":0},"end":{"line":1,"column":34}},"1":{"start":{"line":2,"column":0},"end":{"line":2,"column":45}},"2":{"start":{"line":3,"column":0},"end":{"line":3,"column":20}},"3":{"start":{"line":4,"column":0},"end":{"line":4,"column":27}},"5":{"start":{"line":6,"column":0},"end":{"line":6,"column":51}},"6":{"start":{"line":7,"column":0},"end":{"line":7,"column":14}},"7":{"start":{"line":8,"column":0},"end":{"line":8,"column":11}},"8":{"start":{"line":9,"column":0},"end":{"line":9,"column":16}},"9":{"start":{"line":10,"column":0},"end":{"line":10,"column":1}}},"s":{"0":0,"1":0,"2":0,"3":0,"5":0,"6":0,"7":0,"8":0,"9":0},"branchMap":{"0":{"type":"branch","line":1,"loc":{"start":{"line":1,"column":202},"end":{"line":10,"column":-147}},"locations":[{"start":{"line":1,"column":202},"end":{"line":10,"column":-147}}]}},"b":{"0":[0]},"fnMap":{"0":{"name":"(empty-report)","decl":{"start":{"line":1,"column":202},"end":{"line":10,"column":-147}},"loc":{"start":{"line":1,"column":202},"end":{"line":10,"column":-147}},"line":1}},"f":{"0":0}}
,"D:\\Documentos\\1_DESARROLO_WEB\\WebLeilen\\Leilen\\src\\componentes\\footer\\Footer.jsx": {"path":"D:\\Documentos\\1_DESARROLO_WEB\\WebLeilen\\Leilen\\src\\componentes\\footer\\Footer.jsx","all":true,"statementMap":{"0":{"start":{"line":1,"column":0},"end":{"line":1,"column":26}},"2":{"start":{"line":3,"column":0},"end":{"line":3,"column":22}},"3":{"start":{"line":4,"column":0},"end":{"line":4,"column":10}},"4":{"start":{"line":5,"column":0},"end":{"line":5,"column":12}},"6":{"start":{"line":7,"column":0},"end":{"line":7,"column":19}},"7":{"start":{"line":8,"column":0},"end":{"line":8,"column":13}},"9":{"start":{"line":10,"column":0},"end":{"line":10,"column":2}},"11":{"start":{"line":12,"column":0},"end":{"line":12,"column":22}}},"s":{"0":0,"2":0,"3":0,"4":0,"6":0,"7":0,"9":0,"11":0},"branchMap":{"0":{"type":"branch","line":1,"loc":{"start":{"line":1,"column":193},"end":{"line":12,"column":22}},"locations":[{"start":{"line":1,"column":193},"end":{"line":12,"column":22}}]}},"b":{"0":[0]},"fnMap":{"0":{"name":"(empty-report)","decl":{"start":{"line":1,"column":193},"end":{"line":12,"column":22}},"loc":{"start":{"line":1,"column":193},"end":{"line":12,"column":22}},"line":1}},"f":{"0":0}}
,"D:\\Documentos\\1_DESARROLO_WEB\\WebLeilen\\Leilen\\src\\componentes\\homePage\\HomePage.jsx": {"path":"D:\\Documentos\\1_DESARROLO_WEB\\WebLeilen\\Leilen\\src\\componentes\\homePage\\HomePage.jsx","all":true,"statementMap":{"0":{"start":{"line":1,"column":0},"end":{"line":1,"column":26}},"2":{"start":{"line":3,"column":0},"end":{"line":3,"column":24}},"3":{"start":{"line":4,"column":0},"end":{"line":4,"column":10}},"4":{"start":{"line":5,"column":0},"end":{"line":5,"column":9}},"6":{"start":{"line":7,"column":0},"end":{"line":7,"column":23}},"7":{"start":{"line":8,"column":0},"end":{"line":8,"column":10}},"9":{"start":{"line":10,"column":0},"end":{"line":10,"column":2}},"11":{"start":{"line":12,"column":0},"end":{"line":12,"column":24}}},"s":{"0":0,"2":0,"3":0,"4":0,"6":0,"7":0,"9":0,"11":0},"branchMap":{"0":{"type":"branch","line":1,"loc":{"start":{"line":1,"column":200},"end":{"line":12,"column":24}},"locations":[{"start":{"line":1,"column":200},"end":{"line":12,"column":24}}]}},"b":{"0":[0]},"fnMap":{"0":{"name":"(empty-report)","decl":{"start":{"line":1,"column":200},"end":{"line":12,"column":24}},"loc":{"start":{"line":1,"column":200},"end":{"line":12,"column":24}},"line":1}},"f":{"0":0}}
,"D:\\Documentos\\1_DESARROLO_WEB\\WebLeilen\\Leilen\\src\\componentes\\navBar\\NavBar.jsx": {"path":"D:\\Documentos\\1_DESARROLO_WEB\\WebLeilen\\Leilen\\src\\componentes\\navBar\\NavBar.jsx","all":true,"statementMap":{"0":{"start":{"line":1,"column":0},"end":{"line":1,"column":26}},"2":{"start":{"line":3,"column":0},"end":{"line":3,"column":22}},"3":{"start":{"line":4,"column":0},"end":{"line":4,"column":10}},"4":{"start":{"line":5,"column":0},"end":{"line":5,"column":80}},"5":{"start":{"line":6,"column":0},"end":{"line":6,"column":83}},"6":{"start":{"line":7,"column":0},"end":{"line":7,"column":86}},"7":{"start":{"line":8,"column":0},"end":{"line":8,"column":15}},"8":{"start":{"line":9,"column":0},"end":{"line":9,"column":73}},"9":{"start":{"line":10,"column":0},"end":{"line":10,"column":108}},"10":{"start":{"line":11,"column":0},"end":{"line":11,"column":104}},"11":{"start":{"line":12,"column":0},"end":{"line":12,"column":100}},"12":{"start":{"line":13,"column":0},"end":{"line":13,"column":110}},"13":{"start":{"line":14,"column":0},"end":{"line":14,"column":17}},"14":{"start":{"line":15,"column":0},"end":{"line":15,"column":16}},"15":{"start":{"line":16,"column":0},"end":{"line":16,"column":14}},"16":{"start":{"line":17,"column":0},"end":{"line":17,"column":15}},"18":{"start":{"line":19,"column":0},"end":{"line":19,"column":2}},"20":{"start":{"line":21,"column":0},"end":{"line":21,"column":22}}},"s":{"0":0,"2":0,"3":0,"4":0,"5":0,"6":0,"7":0,"8":0,"9":0,"10":0,"11":0,"12":0,"13":0,"14":0,"15":0,"16":0,"18":0,"20":0},"branchMap":{"0":{"type":"branch","line":1,"loc":{"start":{"line":1,"column":947},"end":{"line":21,"column":22}},"locations":[{"start":{"line":1,"column":947},"end":{"line":21,"column":22}}]}},"b":{"0":[0]},"fnMap":{"0":{"name":"(empty-report)","decl":{"start":{"line":1,"column":947},"end":{"line":21,"column":22}},"loc":{"start":{"line":1,"column":947},"end":{"line":21,"column":22}},"line":1}},"f":{"0":0}}
}
